Using pre-set license
Built from '2020.3/staging' branch; Version is '2020.3.22f1 (e1a7f79fd887) revision 14788599'; Using compiler version '192528614'; Build Type 'Release'
OS: 'Windows 10 Home; OS build 22000.318; Version 2009; 64bit' Language: 'en' Physical Memory: 16284 MB
BatchMode: 1, IsHumanControllingUs: 0, StartBugReporterOnCrash: 0, Is64bit: 1, IsPro: 0

COMMAND LINE ARGUMENTS:
C:\Program Files\Unity\Hub\Editor\2020.3.22f1\Editor\Unity.exe
-adb2
-batchMode
-noUpm
-name
AssetImportWorker0
-projectPath
C:/Users/Tyler/Code/cs240-term-project/GlizzyIO
-logFile
Logs/AssetImportWorker0.log
-srvPort
55482
Successfully changed project path to: C:/Users/Tyler/Code/cs240-term-project/GlizzyIO
C:/Users/Tyler/Code/cs240-term-project/GlizzyIO
Using Asset Import Pipeline V2.
Refreshing native plugins compatible for Editor in 44.14 ms, found 2 plugins.
Preloading 0 native plugins for Editor in 0.00 ms.
Initialize engine version: 2020.3.22f1 (e1a7f79fd887)
[Subsystems] Discovering subsystems at path C:/Program Files/Unity/Hub/Editor/2020.3.22f1/Editor/Data/Resources/UnitySubsystems
[Subsystems] Discovering subsystems at path C:/Users/Tyler/Code/cs240-term-project/GlizzyIO/Assets
GfxDevice: creating device client; threaded=0
Direct3D:
    Version:  Direct3D 11.0 [level 11.1]
    Renderer: NVIDIA GeForce GTX 1060 with Max-Q Design (ID=0x1c20)
    Vendor:   
    VRAM:     6052 MB
    Driver:   30.0.14.9649
Initialize mono
Mono path[0] = 'C:/Program Files/Unity/Hub/Editor/2020.3.22f1/Editor/Data/Managed'
Mono path[1] = 'C:/Program Files/Unity/Hub/Editor/2020.3.22f1/Editor/Data/MonoBleedingEdge/lib/mono/unityjit'
Mono config path = 'C:/Program Files/Unity/Hub/Editor/2020.3.22f1/Editor/Data/MonoBleedingEdge/etc'
Using monoOptions --debugger-agent=transport=dt_socket,embedding=1,server=y,suspend=n,address=127.0.0.1:56220
Begin MonoManager ReloadAssembly
Registering precompiled unity dll's ...
Register platform support module: C:/Program Files/Unity/Hub/Editor/2020.3.22f1/Editor/Data/PlaybackEngines/WebGLSupport/UnityEditor.WebGL.Extensions.dll
Register platform support module: C:/Program Files/Unity/Hub/Editor/2020.3.22f1/Editor/Data/PlaybackEngines/WindowsStandaloneSupport/UnityEditor.WindowsStandalone.Extensions.dll
Registered in 0.002769 seconds.
Native extension for WindowsStandalone target not found
Native extension for WebGL target not found
Refreshing native plugins compatible for Editor in 67.18 ms, found 2 plugins.
Preloading 0 native plugins for Editor in 0.00 ms.
Mono: successfully reloaded assembly
- Completed reload, in  1.319 seconds
Domain Reload Profiling:
	ReloadAssembly (1319ms)
		BeginReloadAssembly (54ms)
			ExecutionOrderSort (0ms)
			DisableScriptedObjects (0ms)
			BackupInstance (0ms)
			ReleaseScriptingObjects (0ms)
			CreateAndSetChildDomain (1ms)
		EndReloadAssembly (565ms)
			LoadAssemblies (53ms)
			RebuildTransferFunctionScriptingTraits (0ms)
			SetupTypeCache (181ms)
			ReleaseScriptCaches (0ms)
			RebuildScriptCaches (38ms)
			SetupLoadedEditorAssemblies (224ms)
				LogAssemblyErrors (0ms)
				InitializePlatformSupportModulesInManaged (6ms)
				SetLoadedEditorAssemblies (0ms)
				RefreshPlugins (67ms)
				BeforeProcessingInitializeOnLoad (15ms)
				ProcessInitializeOnLoadAttributes (94ms)
				ProcessInitializeOnLoadMethodAttributes (40ms)
				AfterProcessingInitializeOnLoad (0ms)
				EditorAssembliesLoaded (0ms)
			ExecutionOrderSort2 (0ms)
			AwakeInstancesAfterBackupRestoration (0ms)
Platform modules already initialized, skipping
Registering precompiled user dll's ...
Registered in 0.006246 seconds.
Begin MonoManager ReloadAssembly
Native extension for WindowsStandalone target not found
Native extension for WebGL target not found
Refreshing native plugins compatible for Editor in 0.45 ms, found 2 plugins.
Preloading 0 native plugins for Editor in 0.00 ms.
Mono: successfully reloaded assembly
- Completed reload, in  1.245 seconds
Domain Reload Profiling:
	ReloadAssembly (1246ms)
		BeginReloadAssembly (145ms)
			ExecutionOrderSort (0ms)
			DisableScriptedObjects (5ms)
			BackupInstance (0ms)
			ReleaseScriptingObjects (0ms)
			CreateAndSetChildDomain (20ms)
		EndReloadAssembly (982ms)
			LoadAssemblies (138ms)
			RebuildTransferFunctionScriptingTraits (0ms)
			SetupTypeCache (364ms)
			ReleaseScriptCaches (0ms)
			RebuildScriptCaches (54ms)
			SetupLoadedEditorAssemblies (329ms)
				LogAssemblyErrors (0ms)
				InitializePlatformSupportModulesInManaged (5ms)
				SetLoadedEditorAssemblies (0ms)
				RefreshPlugins (1ms)
				BeforeProcessingInitializeOnLoad (91ms)
				ProcessInitializeOnLoadAttributes (212ms)
				ProcessInitializeOnLoadMethodAttributes (15ms)
				AfterProcessingInitializeOnLoad (4ms)
				EditorAssembliesLoaded (0ms)
			ExecutionOrderSort2 (0ms)
			AwakeInstancesAfterBackupRestoration (7ms)
Platform modules already initialized, skipping
========================================================================
Worker process is ready to serve import requests
Launched and connected shader compiler UnityShaderCompiler.exe after 0.06 seconds
Refreshing native plugins compatible for Editor in 0.45 ms, found 2 plugins.
Preloading 0 native plugins for Editor in 0.00 ms.
Unloading 2300 Unused Serialized files (Serialized files now loaded: 0)
System memory in use before: 97.3 MB.
System memory in use after: 97.5 MB.

Unloading 25 unused Assets to reduce memory usage. Loaded Objects now: 2729.
Total: 3.742300 ms (FindLiveObjects: 0.215400 ms CreateObjectMapping: 0.078300 ms MarkObjects: 3.348700 ms  DeleteObjects: 0.099000 ms)

AssetImportParameters requested are different than current active one (requested -> active):
  custom:framework-win-MediaFoundation: 216162199b28c13a410421893ffa2e32 -> 
  custom:video-decoder-ogg-theora: a1e56fd34408186e4bbccfd4996cb3dc -> 
  custom:container-muxer-webm: aa71ff27fc2769a1b78a27578f13a17b -> 
  custom:container-demuxer-webm: 4f35f7cbe854078d1ac9338744f61a02 -> 
  custom:container-demuxer-ogg: 62fdf1f143b41e24485cea50d1cbac27 -> 
  custom:video-encoder-webm-vp8: eb34c28f22e8b96e1ab97ce403110664 -> 
  custom:video-decoder-webm-vp8: 9c59270c3fd7afecdb556c50c9e8de78 -> 
  custom:audio-decoder-ogg-vorbis: bf7c407c2cedff20999df2af8eb42d56 -> 
  custom:audio-encoder-webm-vorbis: bf7c407c2cedff20999df2af8eb42d56 -> 
========================================================================
Received Import Request.
  path: Assets/Scripts/ThirdPersonMovement.cs
  artifactKey: Guid(de6c7b5a7938c5e4d8814b2f8e67d181) Importer(815301076,1909f56bfc062723c751e8b465ee728b)
Start importing Assets/Scripts/ThirdPersonMovement.cs using Guid(de6c7b5a7938c5e4d8814b2f8e67d181) Importer(815301076,1909f56bfc062723c751e8b465ee728b)  -> (artifact id: '47b391aae129f56642e8fb8b4f04e101') in 0.023725 seconds 
  Import took 0.027145 seconds .

========================================================================
Received Import Request.
  Time since last request: 2.878674 seconds.
  path: Assets/Prefabs/Third Person Player.prefab
  artifactKey: Guid(471c2d8b46ffbc6409436cb49cb6fb76) Importer(815301076,1909f56bfc062723c751e8b465ee728b)
Start importing Assets/Prefabs/Third Person Player.prefab using Guid(471c2d8b46ffbc6409436cb49cb6fb76) Importer(815301076,1909f56bfc062723c751e8b465ee728b)  -> (artifact id: '0bd23f429401437bac845e9eba86e3eb') in 0.118804 seconds 
  Import took 0.122820 seconds .

========================================================================
Received Import Request.
  Time since last request: 12.021492 seconds.
  path: Assets/Prefabs/Third Person Player.prefab
  artifactKey: Guid(471c2d8b46ffbc6409436cb49cb6fb76) Importer(815301076,1909f56bfc062723c751e8b465ee728b)
Start importing Assets/Prefabs/Third Person Player.prefab using Guid(471c2d8b46ffbc6409436cb49cb6fb76) Importer(815301076,1909f56bfc062723c751e8b465ee728b)  -> (artifact id: '9ceebda44901e9ca4b29e8130bf174b5') in 0.487265 seconds 
  Import took 0.491161 seconds .

========================================================================
Received Import Request.
  Time since last request: 11.172172 seconds.
  path: Assets/Prefabs/Third Person Player.prefab
  artifactKey: Guid(471c2d8b46ffbc6409436cb49cb6fb76) Importer(815301076,1909f56bfc062723c751e8b465ee728b)
Start importing Assets/Prefabs/Third Person Player.prefab using Guid(471c2d8b46ffbc6409436cb49cb6fb76) Importer(815301076,1909f56bfc062723c751e8b465ee728b)  -> (artifact id: '7d802c2955d196064792dd5af825d078') in 0.470259 seconds 
  Import took 0.474085 seconds .

========================================================================
Received Import Request.
  Time since last request: 31.126039 seconds.
  path: Assets/Prefabs/Third Person Player.prefab
  artifactKey: Guid(471c2d8b46ffbc6409436cb49cb6fb76) Importer(815301076,1909f56bfc062723c751e8b465ee728b)
Start importing Assets/Prefabs/Third Person Player.prefab using Guid(471c2d8b46ffbc6409436cb49cb6fb76) Importer(815301076,1909f56bfc062723c751e8b465ee728b)  -> (artifact id: 'c55f829bd733c8a28f4aae2ca6a99e57') in 0.926536 seconds 
  Import took 0.930496 seconds .

========================================================================
Received Import Request.
  Time since last request: 3.641276 seconds.
  path: Assets/Prefabs/Third Person Player.prefab
  artifactKey: Guid(471c2d8b46ffbc6409436cb49cb6fb76) Importer(815301076,1909f56bfc062723c751e8b465ee728b)
Start importing Assets/Prefabs/Third Person Player.prefab using Guid(471c2d8b46ffbc6409436cb49cb6fb76) Importer(815301076,1909f56bfc062723c751e8b465ee728b)  -> (artifact id: '839c69aa37c4cb05c5c92f369623aa84') in 0.014250 seconds 
  Import took 0.019043 seconds .

========================================================================
Received Import Request.
  Time since last request: 19.934619 seconds.
  path: Assets/Prefabs/Third Person Player.prefab
  artifactKey: Guid(471c2d8b46ffbc6409436cb49cb6fb76) Importer(815301076,1909f56bfc062723c751e8b465ee728b)
Start importing Assets/Prefabs/Third Person Player.prefab using Guid(471c2d8b46ffbc6409436cb49cb6fb76) Importer(815301076,1909f56bfc062723c751e8b465ee728b)  -> (artifact id: '4b018a303f7d7f7ac9cae169070693b2') in 0.922257 seconds 
  Import took 0.926305 seconds .

========================================================================
Received Import Request.
  Time since last request: 17.878227 seconds.
  path: Assets/Prefabs/Third Person Player.prefab
  artifactKey: Guid(471c2d8b46ffbc6409436cb49cb6fb76) Importer(815301076,1909f56bfc062723c751e8b465ee728b)
Start importing Assets/Prefabs/Third Person Player.prefab using Guid(471c2d8b46ffbc6409436cb49cb6fb76) Importer(815301076,1909f56bfc062723c751e8b465ee728b)  -> (artifact id: 'c3531ba0717d2cd5299a24f07388d2fe') in 0.920871 seconds 
  Import took 0.925062 seconds .

========================================================================
Received Import Request.
  Time since last request: 9.600324 seconds.
  path: Assets/Prefabs/Third Person Player.prefab
  artifactKey: Guid(471c2d8b46ffbc6409436cb49cb6fb76) Importer(815301076,1909f56bfc062723c751e8b465ee728b)
Start importing Assets/Prefabs/Third Person Player.prefab using Guid(471c2d8b46ffbc6409436cb49cb6fb76) Importer(815301076,1909f56bfc062723c751e8b465ee728b)  -> (artifact id: '3162031d5997b7677033e59a1b1a0075') in 0.013702 seconds 
  Import took 0.019177 seconds .

========================================================================
Received Import Request.
  Time since last request: 3.817071 seconds.
  path: Assets/Prefabs/Third Person Player.prefab
  artifactKey: Guid(471c2d8b46ffbc6409436cb49cb6fb76) Importer(815301076,1909f56bfc062723c751e8b465ee728b)
Start importing Assets/Prefabs/Third Person Player.prefab using Guid(471c2d8b46ffbc6409436cb49cb6fb76) Importer(815301076,1909f56bfc062723c751e8b465ee728b)  -> (artifact id: '84f33aeca9db33cc806f627ce552c0f0') in 0.013536 seconds 
  Import took 0.018882 seconds .

========================================================================
Received Import Request.
  Time since last request: 4.628586 seconds.
  path: Assets/Prefabs/Third Person Player.prefab
  artifactKey: Guid(471c2d8b46ffbc6409436cb49cb6fb76) Importer(815301076,1909f56bfc062723c751e8b465ee728b)
Start importing Assets/Prefabs/Third Person Player.prefab using Guid(471c2d8b46ffbc6409436cb49cb6fb76) Importer(815301076,1909f56bfc062723c751e8b465ee728b)  -> (artifact id: 'b5012c2b917054dbb6caa0de2367ce7e') in 0.012823 seconds 
  Import took 0.017175 seconds .

========================================================================
Received Prepare
Registering precompiled user dll's ...
Registered in 0.005411 seconds.
Begin MonoManager ReloadAssembly
Native extension for WindowsStandalone target not found
Native extension for WebGL target not found
Refreshing native plugins compatible for Editor in 0.44 ms, found 2 plugins.
Preloading 0 native plugins for Editor in 0.00 ms.
Mono: successfully reloaded assembly
- Completed reload, in  1.142 seconds
Domain Reload Profiling:
	ReloadAssembly (1142ms)
		BeginReloadAssembly (129ms)
			ExecutionOrderSort (0ms)
			DisableScriptedObjects (4ms)
			BackupInstance (0ms)
			ReleaseScriptingObjects (0ms)
			CreateAndSetChildDomain (38ms)
		EndReloadAssembly (948ms)
			LoadAssemblies (81ms)
			RebuildTransferFunctionScriptingTraits (0ms)
			SetupTypeCache (323ms)
			ReleaseScriptCaches (1ms)
			RebuildScriptCaches (90ms)
			SetupLoadedEditorAssemblies (298ms)
				LogAssemblyErrors (0ms)
				InitializePlatformSupportModulesInManaged (6ms)
				SetLoadedEditorAssemblies (0ms)
				RefreshPlugins (0ms)
				BeforeProcessingInitializeOnLoad (85ms)
				ProcessInitializeOnLoadAttributes (190ms)
				ProcessInitializeOnLoadMethodAttributes (13ms)
				AfterProcessingInitializeOnLoad (4ms)
				EditorAssembliesLoaded (0ms)
			ExecutionOrderSort2 (0ms)
			AwakeInstancesAfterBackupRestoration (6ms)
Platform modules already initialized, skipping
Refreshing native plugins compatible for Editor in 0.48 ms, found 2 plugins.
Preloading 0 native plugins for Editor in 0.00 ms.
Unloading 2269 Unused Serialized files (Serialized files now loaded: 0)
System memory in use before: 97.8 MB.
System memory in use after: 98.1 MB.

Unloading 20 unused Assets to reduce memory usage. Loaded Objects now: 2738.
Total: 3.952900 ms (FindLiveObjects: 0.236800 ms CreateObjectMapping: 0.105900 ms MarkObjects: 3.585800 ms  DeleteObjects: 0.023400 ms)

AssetImportParameters requested are different than current active one (requested -> active):
  custom:framework-win-MediaFoundation: 216162199b28c13a410421893ffa2e32 -> 
  custom:video-decoder-ogg-theora: a1e56fd34408186e4bbccfd4996cb3dc -> 
  custom:container-muxer-webm: aa71ff27fc2769a1b78a27578f13a17b -> 
  custom:container-demuxer-webm: 4f35f7cbe854078d1ac9338744f61a02 -> 
  custom:container-demuxer-ogg: 62fdf1f143b41e24485cea50d1cbac27 -> 
  custom:video-encoder-webm-vp8: eb34c28f22e8b96e1ab97ce403110664 -> 
  custom:video-decoder-webm-vp8: 9c59270c3fd7afecdb556c50c9e8de78 -> 
  custom:audio-decoder-ogg-vorbis: bf7c407c2cedff20999df2af8eb42d56 -> 
  custom:audio-encoder-webm-vorbis: bf7c407c2cedff20999df2af8eb42d56 -> 
========================================================================
Received Import Request.
  Time since last request: 5053.469891 seconds.
  path: Assets/Scenes/Main.unity
  artifactKey: Guid(9fc0d4010bbf28b4594072e72b8655ab) Importer(815301076,1909f56bfc062723c751e8b465ee728b)
Start importing Assets/Scenes/Main.unity using Guid(9fc0d4010bbf28b4594072e72b8655ab) Importer(815301076,1909f56bfc062723c751e8b465ee728b)  -> (artifact id: 'd786351bdb00c73adc5936bef228642b') in 0.933086 seconds 
  Import took 0.937363 seconds .

========================================================================
Received Import Request.
  Time since last request: 39.509183 seconds.
  path: Assets/Prefabs/Third Person Player.prefab
  artifactKey: Guid(471c2d8b46ffbc6409436cb49cb6fb76) Importer(815301076,1909f56bfc062723c751e8b465ee728b)
Start importing Assets/Prefabs/Third Person Player.prefab using Guid(471c2d8b46ffbc6409436cb49cb6fb76) Importer(815301076,1909f56bfc062723c751e8b465ee728b)  -> (artifact id: 'c0f1b75799beafa0726deeed426b89fc') in 0.987576 seconds 
  Import took 0.991376 seconds .

========================================================================
Received Prepare
Registering precompiled user dll's ...
Registered in 0.006647 seconds.
Begin MonoManager ReloadAssembly
Native extension for WindowsStandalone target not found
Native extension for WebGL target not found
Refreshing native plugins compatible for Editor in 0.45 ms, found 2 plugins.
Preloading 0 native plugins for Editor in 0.00 ms.
Mono: successfully reloaded assembly
- Completed reload, in  0.985 seconds
Domain Reload Profiling:
	ReloadAssembly (985ms)
		BeginReloadAssembly (125ms)
			ExecutionOrderSort (0ms)
			DisableScriptedObjects (4ms)
			BackupInstance (0ms)
			ReleaseScriptingObjects (0ms)
			CreateAndSetChildDomain (40ms)
		EndReloadAssembly (805ms)
			LoadAssemblies (83ms)
			RebuildTransferFunctionScriptingTraits (0ms)
			SetupTypeCache (288ms)
			ReleaseScriptCaches (1ms)
			RebuildScriptCaches (39ms)
			SetupLoadedEditorAssemblies (304ms)
				LogAssemblyErrors (0ms)
				InitializePlatformSupportModulesInManaged (5ms)
				SetLoadedEditorAssemblies (1ms)
				RefreshPlugins (1ms)
				BeforeProcessingInitializeOnLoad (88ms)
				ProcessInitializeOnLoadAttributes (192ms)
				ProcessInitializeOnLoadMethodAttributes (13ms)
				AfterProcessingInitializeOnLoad (4ms)
				EditorAssembliesLoaded (0ms)
			ExecutionOrderSort2 (0ms)
			AwakeInstancesAfterBackupRestoration (6ms)
Platform modules already initialized, skipping
Refreshing native plugins compatible for Editor in 0.49 ms, found 2 plugins.
Preloading 0 native plugins for Editor in 0.00 ms.
Unloading 2269 Unused Serialized files (Serialized files now loaded: 0)
System memory in use before: 97.9 MB.
System memory in use after: 98.1 MB.

Unloading 20 unused Assets to reduce memory usage. Loaded Objects now: 2741.
Total: 3.554100 ms (FindLiveObjects: 0.254600 ms CreateObjectMapping: 0.090000 ms MarkObjects: 3.189900 ms  DeleteObjects: 0.018800 ms)

AssetImportParameters requested are different than current active one (requested -> active):
  custom:framework-win-MediaFoundation: 216162199b28c13a410421893ffa2e32 -> 
  custom:video-decoder-ogg-theora: a1e56fd34408186e4bbccfd4996cb3dc -> 
  custom:container-muxer-webm: aa71ff27fc2769a1b78a27578f13a17b -> 
  custom:container-demuxer-webm: 4f35f7cbe854078d1ac9338744f61a02 -> 
  custom:container-demuxer-ogg: 62fdf1f143b41e24485cea50d1cbac27 -> 
  custom:video-encoder-webm-vp8: eb34c28f22e8b96e1ab97ce403110664 -> 
  custom:video-decoder-webm-vp8: 9c59270c3fd7afecdb556c50c9e8de78 -> 
  custom:audio-decoder-ogg-vorbis: bf7c407c2cedff20999df2af8eb42d56 -> 
  custom:audio-encoder-webm-vorbis: bf7c407c2cedff20999df2af8eb42d56 -> 
========================================================================
Received Import Request.
  Time since last request: 9.241836 seconds.
  path: Assets/Prefabs/Third Person Player.prefab
  artifactKey: Guid(471c2d8b46ffbc6409436cb49cb6fb76) Importer(815301076,1909f56bfc062723c751e8b465ee728b)
Start importing Assets/Prefabs/Third Person Player.prefab using Guid(471c2d8b46ffbc6409436cb49cb6fb76) Importer(815301076,1909f56bfc062723c751e8b465ee728b)  -> (artifact id: '7c021f64bbf8be55416753395abbe366') in 0.073742 seconds 
  Import took 0.077117 seconds .

========================================================================
Received Import Request.
  Time since last request: 10.314312 seconds.
  path: Assets/Prefabs/Third Person Player.prefab
  artifactKey: Guid(471c2d8b46ffbc6409436cb49cb6fb76) Importer(815301076,1909f56bfc062723c751e8b465ee728b)
Start importing Assets/Prefabs/Third Person Player.prefab using Guid(471c2d8b46ffbc6409436cb49cb6fb76) Importer(815301076,1909f56bfc062723c751e8b465ee728b)  -> (artifact id: '22a36557b83e95db93f2a5a6a8fbaadd') in 0.557337 seconds 
  Import took 0.561150 seconds .

========================================================================
Received Import Request.
  Time since last request: 6.134964 seconds.
  path: Assets/Prefabs/Third Person Player.prefab
  artifactKey: Guid(471c2d8b46ffbc6409436cb49cb6fb76) Importer(815301076,1909f56bfc062723c751e8b465ee728b)
Start importing Assets/Prefabs/Third Person Player.prefab using Guid(471c2d8b46ffbc6409436cb49cb6fb76) Importer(815301076,1909f56bfc062723c751e8b465ee728b)  -> (artifact id: '85d874b0d6d5fa4e3ed6b6fe9cb68b0a') in 0.012375 seconds 
  Import took 0.016821 seconds .

========================================================================
Received Import Request.
  Time since last request: 61.156658 seconds.
  path: Assets/Scripts/ThirdPersonMovement.cs
  artifactKey: Guid(de6c7b5a7938c5e4d8814b2f8e67d181) Importer(815301076,1909f56bfc062723c751e8b465ee728b)
Start importing Assets/Scripts/ThirdPersonMovement.cs using Guid(de6c7b5a7938c5e4d8814b2f8e67d181) Importer(815301076,1909f56bfc062723c751e8b465ee728b)  -> (artifact id: 'e0d88a8b27625dce07352858bfffda15') in 0.004389 seconds 
  Import took 0.008405 seconds .

========================================================================
Received Prepare
Registering precompiled user dll's ...
Registered in 0.005377 seconds.
Begin MonoManager ReloadAssembly
Native extension for WindowsStandalone target not found
Native extension for WebGL target not found
Refreshing native plugins compatible for Editor in 0.45 ms, found 2 plugins.
Preloading 0 native plugins for Editor in 0.00 ms.
Mono: successfully reloaded assembly
- Completed reload, in  1.063 seconds
Domain Reload Profiling:
	ReloadAssembly (1063ms)
		BeginReloadAssembly (128ms)
			ExecutionOrderSort (0ms)
			DisableScriptedObjects (4ms)
			BackupInstance (0ms)
			ReleaseScriptingObjects (0ms)
			CreateAndSetChildDomain (39ms)
		EndReloadAssembly (863ms)
			LoadAssemblies (91ms)
			RebuildTransferFunctionScriptingTraits (0ms)
			SetupTypeCache (336ms)
			ReleaseScriptCaches (1ms)
			RebuildScriptCaches (41ms)
			SetupLoadedEditorAssemblies (300ms)
				LogAssemblyErrors (0ms)
				InitializePlatformSupportModulesInManaged (5ms)
				SetLoadedEditorAssemblies (0ms)
				RefreshPlugins (0ms)
				BeforeProcessingInitializeOnLoad (81ms)
				ProcessInitializeOnLoadAttributes (195ms)
				ProcessInitializeOnLoadMethodAttributes (13ms)
				AfterProcessingInitializeOnLoad (4ms)
				EditorAssembliesLoaded (0ms)
			ExecutionOrderSort2 (0ms)
			AwakeInstancesAfterBackupRestoration (6ms)
Platform modules already initialized, skipping
Refreshing native plugins compatible for Editor in 0.46 ms, found 2 plugins.
Preloading 0 native plugins for Editor in 0.00 ms.
Unloading 2269 Unused Serialized files (Serialized files now loaded: 0)
System memory in use before: 97.9 MB.
System memory in use after: 98.2 MB.

Unloading 20 unused Assets to reduce memory usage. Loaded Objects now: 2744.
Total: 3.321100 ms (FindLiveObjects: 0.209700 ms CreateObjectMapping: 0.087100 ms MarkObjects: 3.007300 ms  DeleteObjects: 0.016300 ms)

AssetImportParameters requested are different than current active one (requested -> active):
  custom:framework-win-MediaFoundation: 216162199b28c13a410421893ffa2e32 -> 
  custom:video-decoder-ogg-theora: a1e56fd34408186e4bbccfd4996cb3dc -> 
  custom:container-muxer-webm: aa71ff27fc2769a1b78a27578f13a17b -> 
  custom:container-demuxer-webm: 4f35f7cbe854078d1ac9338744f61a02 -> 
  custom:container-demuxer-ogg: 62fdf1f143b41e24485cea50d1cbac27 -> 
  custom:video-encoder-webm-vp8: eb34c28f22e8b96e1ab97ce403110664 -> 
  custom:video-decoder-webm-vp8: 9c59270c3fd7afecdb556c50c9e8de78 -> 
  custom:audio-decoder-ogg-vorbis: bf7c407c2cedff20999df2af8eb42d56 -> 
  custom:audio-encoder-webm-vorbis: bf7c407c2cedff20999df2af8eb42d56 -> 
========================================================================
Received Import Request.
  Time since last request: 139.138092 seconds.
  path: Assets/Scripts/ThirdPersonMovement.cs
  artifactKey: Guid(de6c7b5a7938c5e4d8814b2f8e67d181) Importer(815301076,1909f56bfc062723c751e8b465ee728b)
Start importing Assets/Scripts/ThirdPersonMovement.cs using Guid(de6c7b5a7938c5e4d8814b2f8e67d181) Importer(815301076,1909f56bfc062723c751e8b465ee728b)  -> (artifact id: 'e383c67000e5e6236db5b4f596e8209a') in 0.007499 seconds 
  Import took 0.011829 seconds .

========================================================================
Received Prepare
Registering precompiled user dll's ...
Registered in 0.005712 seconds.
Begin MonoManager ReloadAssembly
Native extension for WindowsStandalone target not found
Native extension for WebGL target not found
Refreshing native plugins compatible for Editor in 0.44 ms, found 2 plugins.
Preloading 0 native plugins for Editor in 0.00 ms.
Mono: successfully reloaded assembly
- Completed reload, in  1.059 seconds
Domain Reload Profiling:
	ReloadAssembly (1060ms)
		BeginReloadAssembly (133ms)
			ExecutionOrderSort (0ms)
			DisableScriptedObjects (4ms)
			BackupInstance (0ms)
			ReleaseScriptingObjects (0ms)
			CreateAndSetChildDomain (36ms)
		EndReloadAssembly (861ms)
			LoadAssemblies (96ms)
			RebuildTransferFunctionScriptingTraits (0ms)
			SetupTypeCache (333ms)
			ReleaseScriptCaches (1ms)
			RebuildScriptCaches (41ms)
			SetupLoadedEditorAssemblies (303ms)
				LogAssemblyErrors (0ms)
				InitializePlatformSupportModulesInManaged (5ms)
				SetLoadedEditorAssemblies (0ms)
				RefreshPlugins (0ms)
				BeforeProcessingInitializeOnLoad (82ms)
				ProcessInitializeOnLoadAttributes (196ms)
				ProcessInitializeOnLoadMethodAttributes (13ms)
				AfterProcessingInitializeOnLoad (5ms)
				EditorAssembliesLoaded (0ms)
			ExecutionOrderSort2 (0ms)
			AwakeInstancesAfterBackupRestoration (6ms)
Platform modules already initialized, skipping
Refreshing native plugins compatible for Editor in 0.51 ms, found 2 plugins.
Preloading 0 native plugins for Editor in 0.00 ms.
Unloading 2269 Unused Serialized files (Serialized files now loaded: 0)
System memory in use before: 98.0 MB.
System memory in use after: 98.2 MB.

Unloading 20 unused Assets to reduce memory usage. Loaded Objects now: 2746.
Total: 3.806100 ms (FindLiveObjects: 0.230300 ms CreateObjectMapping: 0.085600 ms MarkObjects: 3.469700 ms  DeleteObjects: 0.019200 ms)

AssetImportParameters requested are different than current active one (requested -> active):
  custom:framework-win-MediaFoundation: 216162199b28c13a410421893ffa2e32 -> 
  custom:video-decoder-ogg-theora: a1e56fd34408186e4bbccfd4996cb3dc -> 
  custom:container-muxer-webm: aa71ff27fc2769a1b78a27578f13a17b -> 
  custom:container-demuxer-webm: 4f35f7cbe854078d1ac9338744f61a02 -> 
  custom:container-demuxer-ogg: 62fdf1f143b41e24485cea50d1cbac27 -> 
  custom:video-encoder-webm-vp8: eb34c28f22e8b96e1ab97ce403110664 -> 
  custom:video-decoder-webm-vp8: 9c59270c3fd7afecdb556c50c9e8de78 -> 
  custom:audio-decoder-ogg-vorbis: bf7c407c2cedff20999df2af8eb42d56 -> 
  custom:audio-encoder-webm-vorbis: bf7c407c2cedff20999df2af8eb42d56 -> 
========================================================================
Received Import Request.
  Time since last request: 77.529237 seconds.
  path: Assets/Scripts/ThirdPersonMovement.cs
  artifactKey: Guid(de6c7b5a7938c5e4d8814b2f8e67d181) Importer(815301076,1909f56bfc062723c751e8b465ee728b)
Start importing Assets/Scripts/ThirdPersonMovement.cs using Guid(de6c7b5a7938c5e4d8814b2f8e67d181) Importer(815301076,1909f56bfc062723c751e8b465ee728b)  -> (artifact id: '5888199723839cc019b7c519d8d9c88a') in 0.006011 seconds 
  Import took 0.009456 seconds .

========================================================================
Received Prepare
Registering precompiled user dll's ...
Registered in 0.006004 seconds.
Begin MonoManager ReloadAssembly
Native extension for WindowsStandalone target not found
Native extension for WebGL target not found
Refreshing native plugins compatible for Editor in 0.51 ms, found 2 plugins.
Preloading 0 native plugins for Editor in 0.00 ms.
Mono: successfully reloaded assembly
- Completed reload, in  1.270 seconds
Domain Reload Profiling:
	ReloadAssembly (1271ms)
		BeginReloadAssembly (112ms)
			ExecutionOrderSort (0ms)
			DisableScriptedObjects (4ms)
			BackupInstance (0ms)
			ReleaseScriptingObjects (0ms)
			CreateAndSetChildDomain (34ms)
		EndReloadAssembly (1096ms)
			LoadAssemblies (84ms)
			RebuildTransferFunctionScriptingTraits (0ms)
			SetupTypeCache (433ms)
			ReleaseScriptCaches (2ms)
			RebuildScriptCaches (80ms)
			SetupLoadedEditorAssemblies (326ms)
				LogAssemblyErrors (0ms)
				InitializePlatformSupportModulesInManaged (6ms)
				SetLoadedEditorAssemblies (0ms)
				RefreshPlugins (1ms)
				BeforeProcessingInitializeOnLoad (88ms)
				ProcessInitializeOnLoadAttributes (213ms)
				ProcessInitializeOnLoadMethodAttributes (12ms)
				AfterProcessingInitializeOnLoad (4ms)
				EditorAssembliesLoaded (0ms)
			ExecutionOrderSort2 (0ms)
			AwakeInstancesAfterBackupRestoration (6ms)
Platform modules already initialized, skipping
Refreshing native plugins compatible for Editor in 0.50 ms, found 2 plugins.
Preloading 0 native plugins for Editor in 0.00 ms.
Unloading 2269 Unused Serialized files (Serialized files now loaded: 0)
System memory in use before: 97.9 MB.
System memory in use after: 98.1 MB.

Unloading 20 unused Assets to reduce memory usage. Loaded Objects now: 2748.
Total: 3.635500 ms (FindLiveObjects: 0.216300 ms CreateObjectMapping: 0.092700 ms MarkObjects: 3.305400 ms  DeleteObjects: 0.019900 ms)

AssetImportParameters requested are different than current active one (requested -> active):
  custom:framework-win-MediaFoundation: 216162199b28c13a410421893ffa2e32 -> 
  custom:video-decoder-ogg-theora: a1e56fd34408186e4bbccfd4996cb3dc -> 
  custom:container-muxer-webm: aa71ff27fc2769a1b78a27578f13a17b -> 
  custom:container-demuxer-webm: 4f35f7cbe854078d1ac9338744f61a02 -> 
  custom:container-demuxer-ogg: 62fdf1f143b41e24485cea50d1cbac27 -> 
  custom:video-encoder-webm-vp8: eb34c28f22e8b96e1ab97ce403110664 -> 
  custom:video-decoder-webm-vp8: 9c59270c3fd7afecdb556c50c9e8de78 -> 
  custom:audio-decoder-ogg-vorbis: bf7c407c2cedff20999df2af8eb42d56 -> 
  custom:audio-encoder-webm-vorbis: bf7c407c2cedff20999df2af8eb42d56 -> 
========================================================================
Received Import Request.
  Time since last request: 192.204925 seconds.
  path: Assets/Scripts/ThirdPersonMovement.cs
  artifactKey: Guid(de6c7b5a7938c5e4d8814b2f8e67d181) Importer(815301076,1909f56bfc062723c751e8b465ee728b)
Start importing Assets/Scripts/ThirdPersonMovement.cs using Guid(de6c7b5a7938c5e4d8814b2f8e67d181) Importer(815301076,1909f56bfc062723c751e8b465ee728b)  -> (artifact id: '03f84e3b8300d140831d89d988d33f86') in 0.005253 seconds 
  Import took 0.008628 seconds .

========================================================================
Received Import Request.
  Time since last request: 25.412078 seconds.
  path: Assets/Prefabs/Third Person Player.prefab
  artifactKey: Guid(471c2d8b46ffbc6409436cb49cb6fb76) Importer(815301076,1909f56bfc062723c751e8b465ee728b)
Start importing Assets/Prefabs/Third Person Player.prefab using Guid(471c2d8b46ffbc6409436cb49cb6fb76) Importer(815301076,1909f56bfc062723c751e8b465ee728b)  -> (artifact id: 'bc47b82e03e061ebf7572ae7c9f9d961') in 0.991256 seconds 
  Import took 0.995176 seconds .

========================================================================
Received Prepare
Registering precompiled user dll's ...
Registered in 0.006498 seconds.
Begin MonoManager ReloadAssembly
Native extension for WindowsStandalone target not found
Native extension for WebGL target not found
Refreshing native plugins compatible for Editor in 0.46 ms, found 2 plugins.
Preloading 0 native plugins for Editor in 0.00 ms.
Mono: successfully reloaded assembly
- Completed reload, in  1.062 seconds
Domain Reload Profiling:
	ReloadAssembly (1063ms)
		BeginReloadAssembly (139ms)
			ExecutionOrderSort (0ms)
			DisableScriptedObjects (4ms)
			BackupInstance (0ms)
			ReleaseScriptingObjects (0ms)
			CreateAndSetChildDomain (44ms)
		EndReloadAssembly (858ms)
			LoadAssemblies (98ms)
			RebuildTransferFunctionScriptingTraits (0ms)
			SetupTypeCache (291ms)
			ReleaseScriptCaches (1ms)
			RebuildScriptCaches (45ms)
			SetupLoadedEditorAssemblies (341ms)
				LogAssemblyErrors (0ms)
				InitializePlatformSupportModulesInManaged (6ms)
				SetLoadedEditorAssemblies (0ms)
				RefreshPlugins (1ms)
				BeforeProcessingInitializeOnLoad (99ms)
				ProcessInitializeOnLoadAttributes (217ms)
				ProcessInitializeOnLoadMethodAttributes (14ms)
				AfterProcessingInitializeOnLoad (5ms)
				EditorAssembliesLoaded (0ms)
			ExecutionOrderSort2 (0ms)
			AwakeInstancesAfterBackupRestoration (6ms)
Platform modules already initialized, skipping
Refreshing native plugins compatible for Editor in 0.45 ms, found 2 plugins.
Preloading 0 native plugins for Editor in 0.00 ms.
Unloading 2269 Unused Serialized files (Serialized files now loaded: 0)
System memory in use before: 98.0 MB.
System memory in use after: 98.2 MB.

Unloading 20 unused Assets to reduce memory usage. Loaded Objects now: 2751.
Total: 3.543800 ms (FindLiveObjects: 0.210300 ms CreateObjectMapping: 0.075600 ms MarkObjects: 3.239600 ms  DeleteObjects: 0.017500 ms)

AssetImportParameters requested are different than current active one (requested -> active):
  custom:framework-win-MediaFoundation: 216162199b28c13a410421893ffa2e32 -> 
  custom:video-decoder-ogg-theora: a1e56fd34408186e4bbccfd4996cb3dc -> 
  custom:container-muxer-webm: aa71ff27fc2769a1b78a27578f13a17b -> 
  custom:container-demuxer-webm: 4f35f7cbe854078d1ac9338744f61a02 -> 
  custom:container-demuxer-ogg: 62fdf1f143b41e24485cea50d1cbac27 -> 
  custom:video-encoder-webm-vp8: eb34c28f22e8b96e1ab97ce403110664 -> 
  custom:video-decoder-webm-vp8: 9c59270c3fd7afecdb556c50c9e8de78 -> 
  custom:audio-decoder-ogg-vorbis: bf7c407c2cedff20999df2af8eb42d56 -> 
  custom:audio-encoder-webm-vorbis: bf7c407c2cedff20999df2af8eb42d56 -> 
========================================================================
Received Import Request.
  Time since last request: 19.038015 seconds.
  path: Assets/Prefabs/Third Person Player.prefab
  artifactKey: Guid(471c2d8b46ffbc6409436cb49cb6fb76) Importer(815301076,1909f56bfc062723c751e8b465ee728b)
Start importing Assets/Prefabs/Third Person Player.prefab using Guid(471c2d8b46ffbc6409436cb49cb6fb76) Importer(815301076,1909f56bfc062723c751e8b465ee728b)  -> (artifact id: 'f7f44ac74657fe970525aafbeca3ec4f') in 0.074326 seconds 
  Import took 0.077762 seconds .

========================================================================
Received Import Request.
  Time since last request: 1.692819 seconds.
  path: Assets/Prefabs/Third Person Player.prefab
  artifactKey: Guid(471c2d8b46ffbc6409436cb49cb6fb76) Importer(815301076,1909f56bfc062723c751e8b465ee728b)
Start importing Assets/Prefabs/Third Person Player.prefab using Guid(471c2d8b46ffbc6409436cb49cb6fb76) Importer(815301076,1909f56bfc062723c751e8b465ee728b)  -> (artifact id: '9551610a7d08b655b5f1a645dc41e06a') in 0.012620 seconds 
  Import took 0.017362 seconds .

========================================================================
Received Import Request.
  Time since last request: 10.070402 seconds.
  path: Assets/Prefabs/Third Person Player.prefab
  artifactKey: Guid(471c2d8b46ffbc6409436cb49cb6fb76) Importer(815301076,1909f56bfc062723c751e8b465ee728b)
Start importing Assets/Prefabs/Third Person Player.prefab using Guid(471c2d8b46ffbc6409436cb49cb6fb76) Importer(815301076,1909f56bfc062723c751e8b465ee728b)  -> (artifact id: '96c1ad7d8fbf3e449d0f6b8b566e94a2') in 0.460004 seconds 
  Import took 0.466162 seconds .

========================================================================
Received Import Request.
  Time since last request: 33.173494 seconds.
  path: Assets/Prefabs/Third Person Player.prefab
  artifactKey: Guid(471c2d8b46ffbc6409436cb49cb6fb76) Importer(815301076,1909f56bfc062723c751e8b465ee728b)
Start importing Assets/Prefabs/Third Person Player.prefab using Guid(471c2d8b46ffbc6409436cb49cb6fb76) Importer(815301076,1909f56bfc062723c751e8b465ee728b)  -> (artifact id: 'a148cd68681686f45cacee4445064fa0') in 0.916091 seconds 
  Import took 0.920044 seconds .

========================================================================
Received Import Request.
  Time since last request: 4.324385 seconds.
  path: Assets/Prefabs/Third Person Player.prefab
  artifactKey: Guid(471c2d8b46ffbc6409436cb49cb6fb76) Importer(815301076,1909f56bfc062723c751e8b465ee728b)
Start importing Assets/Prefabs/Third Person Player.prefab using Guid(471c2d8b46ffbc6409436cb49cb6fb76) Importer(815301076,1909f56bfc062723c751e8b465ee728b)  -> (artifact id: 'fdf45e4de7cf00a1344c44a1849b530c') in 0.011952 seconds 
  Import took 0.016839 seconds .

========================================================================
Received Import Request.
  Time since last request: 29.926918 seconds.
  path: Assets/Prefabs/Third Person Player.prefab
  artifactKey: Guid(471c2d8b46ffbc6409436cb49cb6fb76) Importer(815301076,1909f56bfc062723c751e8b465ee728b)
Start importing Assets/Prefabs/Third Person Player.prefab using Guid(471c2d8b46ffbc6409436cb49cb6fb76) Importer(815301076,1909f56bfc062723c751e8b465ee728b)  -> (artifact id: '1911cf60d2444d3b18af432ebaa5f267') in 0.475099 seconds 
  Import took 0.479205 seconds .

========================================================================
Received Import Request.
  Time since last request: 1.728434 seconds.
  path: Assets/Prefabs/Third Person Player.prefab
  artifactKey: Guid(471c2d8b46ffbc6409436cb49cb6fb76) Importer(815301076,1909f56bfc062723c751e8b465ee728b)
Start importing Assets/Prefabs/Third Person Player.prefab using Guid(471c2d8b46ffbc6409436cb49cb6fb76) Importer(815301076,1909f56bfc062723c751e8b465ee728b)  -> (artifact id: '7d74570ca8fe77c5d90193b68b2f82ed') in 0.013268 seconds 
  Import took 0.017518 seconds .

========================================================================
Received Import Request.
  Time since last request: 36.678589 seconds.
  path: Assets/Prefabs/Third Person Player.prefab
  artifactKey: Guid(471c2d8b46ffbc6409436cb49cb6fb76) Importer(815301076,1909f56bfc062723c751e8b465ee728b)
Start importing Assets/Prefabs/Third Person Player.prefab using Guid(471c2d8b46ffbc6409436cb49cb6fb76) Importer(815301076,1909f56bfc062723c751e8b465ee728b)  -> (artifact id: 'af236b01f02a0e3318cdadd2f4c524d6') in 0.921429 seconds 
  Import took 0.925671 seconds .

========================================================================
Received Import Request.
  Time since last request: 15.903532 seconds.
  path: Assets/Prefabs/Third Person Player.prefab
  artifactKey: Guid(471c2d8b46ffbc6409436cb49cb6fb76) Importer(815301076,1909f56bfc062723c751e8b465ee728b)
Start importing Assets/Prefabs/Third Person Player.prefab using Guid(471c2d8b46ffbc6409436cb49cb6fb76) Importer(815301076,1909f56bfc062723c751e8b465ee728b)  -> (artifact id: 'd0e585b637ceb62b2174fd9654a9d0f0') in 0.021867 seconds 
  Import took 0.026672 seconds .

========================================================================
Received Import Request.
  Time since last request: 4.413505 seconds.
  path: Assets/Prefabs/Third Person Player.prefab
  artifactKey: Guid(471c2d8b46ffbc6409436cb49cb6fb76) Importer(815301076,1909f56bfc062723c751e8b465ee728b)
Start importing Assets/Prefabs/Third Person Player.prefab using Guid(471c2d8b46ffbc6409436cb49cb6fb76) Importer(815301076,1909f56bfc062723c751e8b465ee728b)  -> (artifact id: 'eafaf6ee1a21436ef87a7449a64607c6') in 0.012264 seconds 
  Import took 0.017374 seconds .

========================================================================
Received Prepare
Registering precompiled user dll's ...
Registered in 0.007482 seconds.
Begin MonoManager ReloadAssembly
Native extension for WindowsStandalone target not found
Native extension for WebGL target not found
Refreshing native plugins compatible for Editor in 0.46 ms, found 2 plugins.
Preloading 0 native plugins for Editor in 0.00 ms.
Mono: successfully reloaded assembly
- Completed reload, in  0.973 seconds
Domain Reload Profiling:
	ReloadAssembly (974ms)
		BeginReloadAssembly (109ms)
			ExecutionOrderSort (0ms)
			DisableScriptedObjects (4ms)
			BackupInstance (0ms)
			ReleaseScriptingObjects (0ms)
			CreateAndSetChildDomain (33ms)
		EndReloadAssembly (807ms)
			LoadAssemblies (87ms)
			RebuildTransferFunctionScriptingTraits (0ms)
			SetupTypeCache (296ms)
			ReleaseScriptCaches (1ms)
			RebuildScriptCaches (39ms)
			SetupLoadedEditorAssemblies (294ms)
				LogAssemblyErrors (0ms)
				InitializePlatformSupportModulesInManaged (5ms)
				SetLoadedEditorAssemblies (0ms)
				RefreshPlugins (1ms)
				BeforeProcessingInitializeOnLoad (80ms)
				ProcessInitializeOnLoadAttributes (190ms)
				ProcessInitializeOnLoadMethodAttributes (13ms)
				AfterProcessingInitializeOnLoad (4ms)
				EditorAssembliesLoaded (0ms)
			ExecutionOrderSort2 (0ms)
			AwakeInstancesAfterBackupRestoration (6ms)
Platform modules already initialized, skipping
Refreshing native plugins compatible for Editor in 0.47 ms, found 2 plugins.
Preloading 0 native plugins for Editor in 0.00 ms.
Unloading 2269 Unused Serialized files (Serialized files now loaded: 0)
System memory in use before: 98.0 MB.
System memory in use after: 98.2 MB.

Unloading 20 unused Assets to reduce memory usage. Loaded Objects now: 2754.
Total: 3.481900 ms (FindLiveObjects: 0.205000 ms CreateObjectMapping: 0.076900 ms MarkObjects: 3.181700 ms  DeleteObjects: 0.017600 ms)

AssetImportParameters requested are different than current active one (requested -> active):
  custom:framework-win-MediaFoundation: 216162199b28c13a410421893ffa2e32 -> 
  custom:video-decoder-ogg-theora: a1e56fd34408186e4bbccfd4996cb3dc -> 
  custom:container-muxer-webm: aa71ff27fc2769a1b78a27578f13a17b -> 
  custom:container-demuxer-webm: 4f35f7cbe854078d1ac9338744f61a02 -> 
  custom:container-demuxer-ogg: 62fdf1f143b41e24485cea50d1cbac27 -> 
  custom:video-encoder-webm-vp8: eb34c28f22e8b96e1ab97ce403110664 -> 
  custom:video-decoder-webm-vp8: 9c59270c3fd7afecdb556c50c9e8de78 -> 
  custom:audio-decoder-ogg-vorbis: bf7c407c2cedff20999df2af8eb42d56 -> 
  custom:audio-encoder-webm-vorbis: bf7c407c2cedff20999df2af8eb42d56 -> 
========================================================================
Received Prepare
Registering precompiled user dll's ...
Registered in 0.006552 seconds.
Begin MonoManager ReloadAssembly
Native extension for WindowsStandalone target not found
Native extension for WebGL target not found
Refreshing native plugins compatible for Editor in 0.44 ms, found 2 plugins.
Preloading 0 native plugins for Editor in 0.00 ms.
Mono: successfully reloaded assembly
- Completed reload, in  0.940 seconds
Domain Reload Profiling:
	ReloadAssembly (940ms)
		BeginReloadAssembly (116ms)
			ExecutionOrderSort (0ms)
			DisableScriptedObjects (4ms)
			BackupInstance (0ms)
			ReleaseScriptingObjects (0ms)
			CreateAndSetChildDomain (36ms)
		EndReloadAssembly (768ms)
			LoadAssemblies (83ms)
			RebuildTransferFunctionScriptingTraits (0ms)
			SetupTypeCache (268ms)
			ReleaseScriptCaches (1ms)
			RebuildScriptCaches (40ms)
			SetupLoadedEditorAssemblies (290ms)
				LogAssemblyErrors (0ms)
				InitializePlatformSupportModulesInManaged (6ms)
				SetLoadedEditorAssemblies (0ms)
				RefreshPlugins (0ms)
				BeforeProcessingInitializeOnLoad (79ms)
				ProcessInitializeOnLoadAttributes (186ms)
				ProcessInitializeOnLoadMethodAttributes (12ms)
				AfterProcessingInitializeOnLoad (5ms)
				EditorAssembliesLoaded (0ms)
			ExecutionOrderSort2 (0ms)
			AwakeInstancesAfterBackupRestoration (6ms)
Platform modules already initialized, skipping
Refreshing native plugins compatible for Editor in 0.45 ms, found 2 plugins.
Preloading 0 native plugins for Editor in 0.00 ms.
Unloading 2269 Unused Serialized files (Serialized files now loaded: 0)
System memory in use before: 98.0 MB.
System memory in use after: 98.2 MB.

Unloading 20 unused Assets to reduce memory usage. Loaded Objects now: 2756.
Total: 3.660800 ms (FindLiveObjects: 0.209500 ms CreateObjectMapping: 0.080100 ms MarkObjects: 3.352800 ms  DeleteObjects: 0.017600 ms)

AssetImportParameters requested are different than current active one (requested -> active):
  custom:framework-win-MediaFoundation: 216162199b28c13a410421893ffa2e32 -> 
  custom:video-decoder-ogg-theora: a1e56fd34408186e4bbccfd4996cb3dc -> 
  custom:container-muxer-webm: aa71ff27fc2769a1b78a27578f13a17b -> 
  custom:container-demuxer-webm: 4f35f7cbe854078d1ac9338744f61a02 -> 
  custom:container-demuxer-ogg: 62fdf1f143b41e24485cea50d1cbac27 -> 
  custom:video-encoder-webm-vp8: eb34c28f22e8b96e1ab97ce403110664 -> 
  custom:video-decoder-webm-vp8: 9c59270c3fd7afecdb556c50c9e8de78 -> 
  custom:audio-decoder-ogg-vorbis: bf7c407c2cedff20999df2af8eb42d56 -> 
  custom:audio-encoder-webm-vorbis: bf7c407c2cedff20999df2af8eb42d56 -> 
========================================================================
Received Import Request.
  Time since last request: 106.958549 seconds.
  path: Assets/Prefabs/Third Person Player.prefab
  artifactKey: Guid(471c2d8b46ffbc6409436cb49cb6fb76) Importer(815301076,1909f56bfc062723c751e8b465ee728b)
Start importing Assets/Prefabs/Third Person Player.prefab using Guid(471c2d8b46ffbc6409436cb49cb6fb76) Importer(815301076,1909f56bfc062723c751e8b465ee728b)  -> (artifact id: 'b1e9575547e5ed445404e85aabc17525') in 0.995346 seconds 
  Import took 0.999018 seconds .

========================================================================
Received Import Request.
  Time since last request: 19.320419 seconds.
  path: Assets/Prefabs/Third Person Player.prefab
  artifactKey: Guid(471c2d8b46ffbc6409436cb49cb6fb76) Importer(815301076,1909f56bfc062723c751e8b465ee728b)
Start importing Assets/Prefabs/Third Person Player.prefab using Guid(471c2d8b46ffbc6409436cb49cb6fb76) Importer(815301076,1909f56bfc062723c751e8b465ee728b)  -> (artifact id: '03a3ff28bb7ed64023b85644c72bd776') in 0.932296 seconds 
  Import took 0.936315 seconds .

========================================================================
Received Prepare
Registering precompiled user dll's ...
Registered in 0.005407 seconds.
Begin MonoManager ReloadAssembly
Native extension for WindowsStandalone target not found
Native extension for WebGL target not found
Refreshing native plugins compatible for Editor in 0.46 ms, found 2 plugins.
Preloading 0 native plugins for Editor in 0.00 ms.
Mono: successfully reloaded assembly
- Completed reload, in  1.047 seconds
Domain Reload Profiling:
	ReloadAssembly (1048ms)
		BeginReloadAssembly (146ms)
			ExecutionOrderSort (0ms)
			DisableScriptedObjects (4ms)
			BackupInstance (0ms)
			ReleaseScriptingObjects (0ms)
			CreateAndSetChildDomain (53ms)
		EndReloadAssembly (844ms)
			LoadAssemblies (83ms)
			RebuildTransferFunctionScriptingTraits (0ms)
			SetupTypeCache (312ms)
			ReleaseScriptCaches (1ms)
			RebuildScriptCaches (42ms)
			SetupLoadedEditorAssemblies (294ms)
				LogAssemblyErrors (0ms)
				InitializePlatformSupportModulesInManaged (5ms)
				SetLoadedEditorAssemblies (0ms)
				RefreshPlugins (1ms)
				BeforeProcessingInitializeOnLoad (80ms)
				ProcessInitializeOnLoadAttributes (190ms)
				ProcessInitializeOnLoadMethodAttributes (12ms)
				AfterProcessingInitializeOnLoad (4ms)
				EditorAssembliesLoaded (0ms)
			ExecutionOrderSort2 (0ms)
			AwakeInstancesAfterBackupRestoration (6ms)
Platform modules already initialized, skipping
Refreshing native plugins compatible for Editor in 0.45 ms, found 2 plugins.
Preloading 0 native plugins for Editor in 0.00 ms.
Unloading 2269 Unused Serialized files (Serialized files now loaded: 0)
System memory in use before: 98.0 MB.
System memory in use after: 98.2 MB.

Unloading 20 unused Assets to reduce memory usage. Loaded Objects now: 2759.
Total: 3.401000 ms (FindLiveObjects: 0.204500 ms CreateObjectMapping: 0.084100 ms MarkObjects: 3.093900 ms  DeleteObjects: 0.017800 ms)

AssetImportParameters requested are different than current active one (requested -> active):
  custom:framework-win-MediaFoundation: 216162199b28c13a410421893ffa2e32 -> 
  custom:video-decoder-ogg-theora: a1e56fd34408186e4bbccfd4996cb3dc -> 
  custom:container-muxer-webm: aa71ff27fc2769a1b78a27578f13a17b -> 
  custom:container-demuxer-webm: 4f35f7cbe854078d1ac9338744f61a02 -> 
  custom:container-demuxer-ogg: 62fdf1f143b41e24485cea50d1cbac27 -> 
  custom:video-encoder-webm-vp8: eb34c28f22e8b96e1ab97ce403110664 -> 
  custom:video-decoder-webm-vp8: 9c59270c3fd7afecdb556c50c9e8de78 -> 
  custom:audio-decoder-ogg-vorbis: bf7c407c2cedff20999df2af8eb42d56 -> 
  custom:audio-encoder-webm-vorbis: bf7c407c2cedff20999df2af8eb42d56 -> 
AssetImportWorkerClient::OnTransportError - code=2 error=End of file
